
[09-Jan-2021 18:08:08 UTC] PHP Warning:  include(C:/www/RNGportal/app/views/contact/leads_list.tpl.php): failed to open stream: No such file or directory in C:\www\RNGportal\builder\engine\View.php on line 12
[09-Jan-2021 18:08:08 UTC] PHP Warning:  include(): Failed opening 'C:/www/RNGportal/app/views/contact/leads_list.tpl.php' for inclusion (include_path='.;C:\php\pear') in C:\www\RNGportal\builder\engine\View.php on line 12
[09-Jan-2021 18:09:44 UTC] PHP Warning:  include(C:/www/RNGportal/app/views/contact/client_list.tpl.php): failed to open stream: No such file or directory in C:\www\RNGportal\builder\engine\View.php on line 12
[09-Jan-2021 18:09:44 UTC] PHP Warning:  include(): Failed opening 'C:/www/RNGportal/app/views/contact/client_list.tpl.php' for inclusion (include_path='.;C:\php\pear') in C:\www\RNGportal\builder\engine\View.php on line 12
[09-Jan-2021 18:23:41 UTC] PHP Notice:  Undefined index: text_persons in C:\www\RNGportal\app\views\common\header.tpl.php on line 104
[09-Jan-2021 18:23:58 UTC] PHP Notice:  Undefined index: text_persons in C:\www\RNGportal\app\views\common\header.tpl.php on line 104
[09-Jan-2021 18:24:22 UTC] PHP Notice:  Undefined index: contact in C:\www\RNGportal\app\views\Person\person_list.tpl.php on line 15
[09-Jan-2021 18:24:22 UTC] PHP Notice:  Undefined index: contact in C:\www\RNGportal\app\views\Person\person_list.tpl.php on line 24
[09-Jan-2021 18:25:38 UTC] PHP Notice:  Undefined index: contact in C:\www\RNGportal\app\views\Person\person_list.tpl.php on line 15
[09-Jan-2021 18:26:58 UTC] PHP Notice:  Undefined index: contact in C:\www\RNGportal\app\views\Person\person_list.tpl.php on line 15
[09-Jan-2021 18:27:19 UTC] PHP Notice:  Undefined index: contact in C:\www\RNGportal\app\views\Person\person_list.tpl.php on line 15
[09-Jan-2021 18:30:02 UTC] PHP Notice:  Trying to get property of non-object in C:\www\RNGportal\builder\engine\Database.php on line 51
[09-Jan-2021 18:30:02 UTC] PHP Fatal error:  Uncaught Error: Call to a member function fetch_assoc() on boolean in C:\www\RNGportal\builder\engine\Database.php:52
Stack trace:
#0 C:\www\RNGportal\app\http\models\Person.php(10): Database->query(false)
#1 C:\www\RNGportal\app\http\controllers\PersonController.php(32): Person->getPersons()
#2 C:\www\RNGportal\builder\engine\Router.php(52): PersonController->index()
#3 C:\www\RNGportal\builder\engine\Router.php(41): Router->dispatch(Array)
#4 C:\www\RNGportal\builder\bootstrap.php(82): Router->route('persons', 'GET')
#5 C:\www\RNGportal\index.php(34): require_once('C:\\www\\RNGporta...')
#6 {main}
  thrown in C:\www\RNGportal\builder\engine\Database.php on line 52
[09-Jan-2021 18:30:29 UTC] PHP Notice:  Undefined index: contact in C:\www\RNGportal\app\views\Person\person_list.tpl.php on line 15
[09-Jan-2021 18:30:45 UTC] PHP Notice:  Trying to get property of non-object in C:\www\RNGportal\builder\engine\Database.php on line 51
[09-Jan-2021 18:30:45 UTC] PHP Fatal error:  Uncaught Error: Call to a member function fetch_assoc() on boolean in C:\www\RNGportal\builder\engine\Database.php:52
Stack trace:
#0 C:\www\RNGportal\app\http\models\Person.php(10): Database->query(false)
#1 C:\www\RNGportal\app\http\controllers\PersonController.php(32): Person->getPersons()
#2 C:\www\RNGportal\builder\engine\Router.php(52): PersonController->index()
#3 C:\www\RNGportal\builder\engine\Router.php(41): Router->dispatch(Array)
#4 C:\www\RNGportal\builder\bootstrap.php(82): Router->route('persons', 'GET')
#5 C:\www\RNGportal\index.php(34): require_once('C:\\www\\RNGporta...')
#6 {main}
  thrown in C:\www\RNGportal\builder\engine\Database.php on line 52
[09-Jan-2021 18:33:15 UTC] PHP Notice:  Undefined index: contact in C:\www\RNGportal\app\views\Person\person_list.tpl.php on line 15
[09-Jan-2021 18:33:50 UTC] PHP Notice:  Undefined index: contact in C:\www\RNGportal\app\views\Person\person_list.tpl.php on line 15
[09-Jan-2021 18:34:20 UTC] PHP Notice:  Undefined index: contact in C:\www\RNGportal\app\views\Person\person_list.tpl.php on line 15
[09-Jan-2021 18:34:21 UTC] PHP Notice:  Undefined index: contact in C:\www\RNGportal\app\views\Person\person_list.tpl.php on line 24
[09-Jan-2021 18:35:08 UTC] PHP Notice:  Undefined index: contact in C:\www\RNGportal\app\views\Person\person_list.tpl.php on line 15
[09-Jan-2021 18:35:08 UTC] PHP Notice:  Undefined index: contact in C:\www\RNGportal\app\views\Person\person_list.tpl.php on line 24
[09-Jan-2021 18:35:37 UTC] PHP Notice:  Undefined index: contact in C:\www\RNGportal\app\views\Person\person_list.tpl.php on line 15
[09-Jan-2021 18:37:45 UTC] PHP Notice:  Undefined index: contact in C:\www\RNGportal\app\views\Person\person_list.tpl.php on line 15
[09-Jan-2021 18:39:44 UTC] PHP Warning:  require(C:/www/RNGportal/builder/language/eng/persons.php): failed to open stream: No such file or directory in C:\www\RNGportal\app\http\controllers\PersonController.php on line 80
[09-Jan-2021 18:39:44 UTC] PHP Fatal error:  require(): Failed opening required 'C:/www/RNGportal/builder/language/eng/persons.php' (include_path='.;C:\php\pear') in C:\www\RNGportal\app\http\controllers\PersonController.php on line 80
[09-Jan-2021 18:40:52 UTC] PHP Notice:  Undefined index: website in C:\www\RNGportal\app\views\Person\person_view.tpl.php on line 13
[09-Jan-2021 18:40:52 UTC] PHP Notice:  Undefined index: contact_type in C:\www\RNGportal\app\views\Person\person_view.tpl.php on line 18
[09-Jan-2021 18:40:52 UTC] PHP Notice:  Undefined index: contact in C:\www\RNGportal\app\views\Person\person_view.tpl.php on line 27
[09-Jan-2021 18:40:52 UTC] PHP Notice:  Undefined index: contact in C:\www\RNGportal\app\views\Person\person_view.tpl.php on line 65
[09-Jan-2021 18:40:52 UTC] PHP Notice:  Undefined index: contact in C:\www\RNGportal\app\views\Person\person_view.tpl.php on line 69
[09-Jan-2021 18:40:52 UTC] PHP Notice:  Undefined index: contact in C:\www\RNGportal\app\views\Person\person_view.tpl.php on line 78
[09-Jan-2021 18:40:52 UTC] PHP Notice:  Undefined index: persons in C:\www\RNGportal\app\views\Person\person_view.tpl.php on line 82
[09-Jan-2021 18:40:52 UTC] PHP Notice:  Undefined index: contact in C:\www\RNGportal\app\views\Person\person_view.tpl.php on line 98
[09-Jan-2021 18:40:52 UTC] PHP Notice:  Undefined index: contact_type in C:\www\RNGportal\app\views\Person\person_view.tpl.php on line 103
[09-Jan-2021 18:40:52 UTC] PHP Notice:  Undefined index: contact in C:\www\RNGportal\app\views\Person\person_view.tpl.php on line 222
[09-Jan-2021 18:40:52 UTC] PHP Notice:  Undefined index: contact in C:\www\RNGportal\app\views\Person\person_view.tpl.php on line 229
[09-Jan-2021 18:40:52 UTC] PHP Notice:  Undefined index: contact in C:\www\RNGportal\app\views\Person\person_view.tpl.php on line 230
[09-Jan-2021 18:40:52 UTC] PHP Notice:  Undefined index: contact in C:\www\RNGportal\app\views\Person\person_view.tpl.php on line 233
[09-Jan-2021 18:40:52 UTC] PHP Notice:  Undefined index: contact in C:\www\RNGportal\app\views\Person\person_view.tpl.php on line 234
[09-Jan-2021 18:40:52 UTC] PHP Notice:  Undefined index: contact in C:\www\RNGportal\app\views\Person\person_view.tpl.php on line 238
[09-Jan-2021 18:40:52 UTC] PHP Notice:  Undefined index: contact in C:\www\RNGportal\app\views\Person\person_view.tpl.php on line 239
[09-Jan-2021 18:40:52 UTC] PHP Notice:  Undefined index: contact in C:\www\RNGportal\app\views\Person\person_view.tpl.php on line 242
[09-Jan-2021 18:40:52 UTC] PHP Notice:  Undefined index: contact in C:\www\RNGportal\app\views\Person\person_view.tpl.php on line 243
[09-Jan-2021 18:40:52 UTC] PHP Notice:  Undefined index: contact in C:\www\RNGportal\app\views\Person\person_view.tpl.php on line 251
[09-Jan-2021 18:43:01 UTC] PHP Warning:  mysqli_stmt::bind_result(): Number of bind variables doesn't match number of fields in prepared statement in C:\www\RNGportal\builder\engine\Database.php on line 87
[09-Jan-2021 18:43:01 UTC] PHP Notice:  Undefined index: website in C:\www\RNGportal\app\views\Person\person_view.tpl.php on line 13
[09-Jan-2021 18:43:01 UTC] PHP Notice:  Undefined index: contact_type in C:\www\RNGportal\app\views\Person\person_view.tpl.php on line 18
[09-Jan-2021 18:43:01 UTC] PHP Notice:  Undefined index: contact in C:\www\RNGportal\app\views\Person\person_view.tpl.php on line 27
[09-Jan-2021 18:43:01 UTC] PHP Notice:  Undefined index: contact in C:\www\RNGportal\app\views\Person\person_view.tpl.php on line 65
[09-Jan-2021 18:43:01 UTC] PHP Notice:  Undefined index: contact in C:\www\RNGportal\app\views\Person\person_view.tpl.php on line 69
[09-Jan-2021 18:43:01 UTC] PHP Notice:  Undefined index: contact in C:\www\RNGportal\app\views\Person\person_view.tpl.php on line 78
[09-Jan-2021 18:43:01 UTC] PHP Notice:  Undefined index: persons in C:\www\RNGportal\app\views\Person\person_view.tpl.php on line 82
[09-Jan-2021 18:43:01 UTC] PHP Notice:  Undefined index: contact in C:\www\RNGportal\app\views\Person\person_view.tpl.php on line 98
[09-Jan-2021 18:43:01 UTC] PHP Notice:  Undefined index: contact_type in C:\www\RNGportal\app\views\Person\person_view.tpl.php on line 103
[09-Jan-2021 18:43:01 UTC] PHP Notice:  Undefined index: contact in C:\www\RNGportal\app\views\Person\person_view.tpl.php on line 222
[09-Jan-2021 18:43:01 UTC] PHP Notice:  Undefined index: contact in C:\www\RNGportal\app\views\Person\person_view.tpl.php on line 229
[09-Jan-2021 18:43:01 UTC] PHP Notice:  Undefined index: contact in C:\www\RNGportal\app\views\Person\person_view.tpl.php on line 230
[09-Jan-2021 18:43:01 UTC] PHP Notice:  Undefined index: contact in C:\www\RNGportal\app\views\Person\person_view.tpl.php on line 233
[09-Jan-2021 18:43:01 UTC] PHP Notice:  Undefined index: contact in C:\www\RNGportal\app\views\Person\person_view.tpl.php on line 234
[09-Jan-2021 18:43:01 UTC] PHP Notice:  Undefined index: contact in C:\www\RNGportal\app\views\Person\person_view.tpl.php on line 238
[09-Jan-2021 18:43:01 UTC] PHP Notice:  Undefined index: contact in C:\www\RNGportal\app\views\Person\person_view.tpl.php on line 239
[09-Jan-2021 18:43:01 UTC] PHP Notice:  Undefined index: contact in C:\www\RNGportal\app\views\Person\person_view.tpl.php on line 242
[09-Jan-2021 18:43:01 UTC] PHP Notice:  Undefined index: contact in C:\www\RNGportal\app\views\Person\person_view.tpl.php on line 243
[09-Jan-2021 18:43:01 UTC] PHP Notice:  Undefined index: contact in C:\www\RNGportal\app\views\Person\person_view.tpl.php on line 251
[09-Jan-2021 18:43:48 UTC] PHP Notice:  Trying to get property of non-object in C:\www\RNGportal\app\http\models\Person.php on line 19
[09-Jan-2021 18:43:48 UTC] PHP Notice:  Undefined index: salutation in C:\www\RNGportal\app\views\Person\person_view.tpl.php on line 9
[09-Jan-2021 18:43:48 UTC] PHP Notice:  Undefined index: firstname in C:\www\RNGportal\app\views\Person\person_view.tpl.php on line 9
[09-Jan-2021 18:43:48 UTC] PHP Notice:  Undefined index: lastname in C:\www\RNGportal\app\views\Person\person_view.tpl.php on line 9
[09-Jan-2021 18:43:48 UTC] PHP Notice:  Undefined index: company in C:\www\RNGportal\app\views\Person\person_view.tpl.php on line 10
[09-Jan-2021 18:43:48 UTC] PHP Notice:  Undefined index: email in C:\www\RNGportal\app\views\Person\person_view.tpl.php on line 11
[09-Jan-2021 18:43:48 UTC] PHP Notice:  Undefined index: phone in C:\www\RNGportal\app\views\Person\person_view.tpl.php on line 12
[09-Jan-2021 18:43:48 UTC] PHP Notice:  Undefined index: website in C:\www\RNGportal\app\views\Person\person_view.tpl.php on line 13
[09-Jan-2021 18:43:48 UTC] PHP Notice:  Undefined index: contact_type in C:\www\RNGportal\app\views\Person\person_view.tpl.php on line 18
[09-Jan-2021 18:43:48 UTC] PHP Notice:  Undefined index: contact in C:\www\RNGportal\app\views\Person\person_view.tpl.php on line 27
[09-Jan-2021 18:43:48 UTC] PHP Notice:  Undefined index: id in C:\www\RNGportal\app\views\Person\person_view.tpl.php on line 30
[09-Jan-2021 18:43:48 UTC] PHP Notice:  Undefined index: company in C:\www\RNGportal\app\views\Person\person_view.tpl.php on line 48
[09-Jan-2021 18:43:48 UTC] PHP Notice:  Undefined index: contact in C:\www\RNGportal\app\views\Person\person_view.tpl.php on line 65
[09-Jan-2021 18:43:48 UTC] PHP Notice:  Undefined index: contact in C:\www\RNGportal\app\views\Person\person_view.tpl.php on line 69
[09-Jan-2021 18:43:48 UTC] PHP Notice:  Undefined index: contact in C:\www\RNGportal\app\views\Person\person_view.tpl.php on line 78
[09-Jan-2021 18:43:48 UTC] PHP Notice:  Undefined index: persons in C:\www\RNGportal\app\views\Person\person_view.tpl.php on line 82
[09-Jan-2021 18:43:48 UTC] PHP Notice:  Undefined index: contact in C:\www\RNGportal\app\views\Person\person_view.tpl.php on line 98
[09-Jan-2021 18:43:48 UTC] PHP Notice:  Undefined index: remark in C:\www\RNGportal\app\views\Person\person_view.tpl.php on line 99
[09-Jan-2021 18:43:48 UTC] PHP Notice:  Undefined index: contact_type in C:\www\RNGportal\app\views\Person\person_view.tpl.php on line 103
[09-Jan-2021 18:43:48 UTC] PHP Notice:  Undefined index: contact in C:\www\RNGportal\app\views\Person\person_view.tpl.php on line 222
[09-Jan-2021 18:43:48 UTC] PHP Notice:  Undefined index: contact in C:\www\RNGportal\app\views\Person\person_view.tpl.php on line 229
[09-Jan-2021 18:43:48 UTC] PHP Notice:  Undefined index: email in C:\www\RNGportal\app\views\Person\person_view.tpl.php on line 230
[09-Jan-2021 18:43:48 UTC] PHP Notice:  Undefined index: contact in C:\www\RNGportal\app\views\Person\person_view.tpl.php on line 230
[09-Jan-2021 18:43:48 UTC] PHP Notice:  Undefined index: contact in C:\www\RNGportal\app\views\Person\person_view.tpl.php on line 233
[09-Jan-2021 18:43:48 UTC] PHP Notice:  Undefined index: contact in C:\www\RNGportal\app\views\Person\person_view.tpl.php on line 234
[09-Jan-2021 18:43:48 UTC] PHP Notice:  Undefined index: contact in C:\www\RNGportal\app\views\Person\person_view.tpl.php on line 238
[09-Jan-2021 18:43:48 UTC] PHP Notice:  Undefined index: contact in C:\www\RNGportal\app\views\Person\person_view.tpl.php on line 239
[09-Jan-2021 18:43:48 UTC] PHP Notice:  Undefined index: contact in C:\www\RNGportal\app\views\Person\person_view.tpl.php on line 242
[09-Jan-2021 18:43:48 UTC] PHP Notice:  Undefined index: contact in C:\www\RNGportal\app\views\Person\person_view.tpl.php on line 243
[09-Jan-2021 18:43:48 UTC] PHP Notice:  Undefined index: id in C:\www\RNGportal\app\views\Person\person_view.tpl.php on line 245
[09-Jan-2021 18:43:48 UTC] PHP Notice:  Undefined index: email in C:\www\RNGportal\app\views\Person\person_view.tpl.php on line 246
[09-Jan-2021 18:43:48 UTC] PHP Notice:  Undefined index: company in C:\www\RNGportal\app\views\Person\person_view.tpl.php on line 247
[09-Jan-2021 18:43:48 UTC] PHP Notice:  Undefined index: contact in C:\www\RNGportal\app\views\Person\person_view.tpl.php on line 251
[09-Jan-2021 18:44:25 UTC] PHP Notice:  Trying to get property of non-object in C:\www\RNGportal\app\http\models\Person.php on line 18
[09-Jan-2021 18:44:25 UTC] PHP Notice:  Undefined index: salutation in C:\www\RNGportal\app\views\Person\person_view.tpl.php on line 9
[09-Jan-2021 18:44:25 UTC] PHP Notice:  Undefined index: firstname in C:\www\RNGportal\app\views\Person\person_view.tpl.php on line 9
[09-Jan-2021 18:44:25 UTC] PHP Notice:  Undefined index: lastname in C:\www\RNGportal\app\views\Person\person_view.tpl.php on line 9
[09-Jan-2021 18:44:25 UTC] PHP Notice:  Undefined index: company in C:\www\RNGportal\app\views\Person\person_view.tpl.php on line 10
[09-Jan-2021 18:44:25 UTC] PHP Notice:  Undefined index: email in C:\www\RNGportal\app\views\Person\person_view.tpl.php on line 11
[09-Jan-2021 18:44:25 UTC] PHP Notice:  Undefined index: phone in C:\www\RNGportal\app\views\Person\person_view.tpl.php on line 12
[09-Jan-2021 18:44:25 UTC] PHP Notice:  Undefined index: website in C:\www\RNGportal\app\views\Person\person_view.tpl.php on line 13
[09-Jan-2021 18:44:25 UTC] PHP Notice:  Undefined index: contact_type in C:\www\RNGportal\app\views\Person\person_view.tpl.php on line 18
[09-Jan-2021 18:44:25 UTC] PHP Notice:  Undefined index: contact in C:\www\RNGportal\app\views\Person\person_view.tpl.php on line 27
[09-Jan-2021 18:44:25 UTC] PHP Notice:  Undefined index: id in C:\www\RNGportal\app\views\Person\person_view.tpl.php on line 30
[09-Jan-2021 18:44:25 UTC] PHP Notice:  Undefined index: company in C:\www\RNGportal\app\views\Person\person_view.tpl.php on line 48
[09-Jan-2021 18:44:25 UTC] PHP Notice:  Undefined index: contact in C:\www\RNGportal\app\views\Person\person_view.tpl.php on line 65
[09-Jan-2021 18:44:25 UTC] PHP Notice:  Undefined index: contact in C:\www\RNGportal\app\views\Person\person_view.tpl.php on line 69
[09-Jan-2021 18:44:25 UTC] PHP Notice:  Undefined index: contact in C:\www\RNGportal\app\views\Person\person_view.tpl.php on line 78
[09-Jan-2021 18:44:25 UTC] PHP Notice:  Undefined index: persons in C:\www\RNGportal\app\views\Person\person_view.tpl.php on line 82
[09-Jan-2021 18:44:25 UTC] PHP Notice:  Undefined index: contact in C:\www\RNGportal\app\views\Person\person_view.tpl.php on line 98
[09-Jan-2021 18:44:25 UTC] PHP Notice:  Undefined index: remark in C:\www\RNGportal\app\views\Person\person_view.tpl.php on line 99
[09-Jan-2021 18:44:25 UTC] PHP Notice:  Undefined index: contact_type in C:\www\RNGportal\app\views\Person\person_view.tpl.php on line 103
[09-Jan-2021 18:44:25 UTC] PHP Notice:  Undefined index: contact in C:\www\RNGportal\app\views\Person\person_view.tpl.php on line 222
[09-Jan-2021 18:44:25 UTC] PHP Notice:  Undefined index: contact in C:\www\RNGportal\app\views\Person\person_view.tpl.php on line 229
[09-Jan-2021 18:44:25 UTC] PHP Notice:  Undefined index: email in C:\www\RNGportal\app\views\Person\person_view.tpl.php on line 230
[09-Jan-2021 18:44:25 UTC] PHP Notice:  Undefined index: contact in C:\www\RNGportal\app\views\Person\person_view.tpl.php on line 230
[09-Jan-2021 18:44:25 UTC] PHP Notice:  Undefined index: contact in C:\www\RNGportal\app\views\Person\person_view.tpl.php on line 233
[09-Jan-2021 18:44:25 UTC] PHP Notice:  Undefined index: contact in C:\www\RNGportal\app\views\Person\person_view.tpl.php on line 234
[09-Jan-2021 18:44:25 UTC] PHP Notice:  Undefined index: contact in C:\www\RNGportal\app\views\Person\person_view.tpl.php on line 238
[09-Jan-2021 18:44:25 UTC] PHP Notice:  Undefined index: contact in C:\www\RNGportal\app\views\Person\person_view.tpl.php on line 239
[09-Jan-2021 18:44:25 UTC] PHP Notice:  Undefined index: contact in C:\www\RNGportal\app\views\Person\person_view.tpl.php on line 242
[09-Jan-2021 18:44:25 UTC] PHP Notice:  Undefined index: contact in C:\www\RNGportal\app\views\Person\person_view.tpl.php on line 243
[09-Jan-2021 18:44:25 UTC] PHP Notice:  Undefined index: id in C:\www\RNGportal\app\views\Person\person_view.tpl.php on line 245
[09-Jan-2021 18:44:25 UTC] PHP Notice:  Undefined index: email in C:\www\RNGportal\app\views\Person\person_view.tpl.php on line 246
[09-Jan-2021 18:44:25 UTC] PHP Notice:  Undefined index: company in C:\www\RNGportal\app\views\Person\person_view.tpl.php on line 247
[09-Jan-2021 18:44:25 UTC] PHP Notice:  Undefined index: contact in C:\www\RNGportal\app\views\Person\person_view.tpl.php on line 251
[09-Jan-2021 18:44:43 UTC] PHP Notice:  Undefined index: website in C:\www\RNGportal\app\views\Person\person_view.tpl.php on line 13
[09-Jan-2021 18:44:43 UTC] PHP Notice:  Undefined index: contact_type in C:\www\RNGportal\app\views\Person\person_view.tpl.php on line 18
[09-Jan-2021 18:44:43 UTC] PHP Notice:  Undefined index: contact in C:\www\RNGportal\app\views\Person\person_view.tpl.php on line 27
[09-Jan-2021 18:44:43 UTC] PHP Notice:  Undefined index: contact in C:\www\RNGportal\app\views\Person\person_view.tpl.php on line 65
[09-Jan-2021 18:44:43 UTC] PHP Notice:  Undefined index: contact in C:\www\RNGportal\app\views\Person\person_view.tpl.php on line 69
[09-Jan-2021 18:44:43 UTC] PHP Notice:  Undefined index: contact in C:\www\RNGportal\app\views\Person\person_view.tpl.php on line 78
[09-Jan-2021 18:44:43 UTC] PHP Notice:  Undefined index: persons in C:\www\RNGportal\app\views\Person\person_view.tpl.php on line 82
[09-Jan-2021 18:44:43 UTC] PHP Notice:  Undefined index: contact in C:\www\RNGportal\app\views\Person\person_view.tpl.php on line 98
[09-Jan-2021 18:44:43 UTC] PHP Notice:  Undefined index: contact_type in C:\www\RNGportal\app\views\Person\person_view.tpl.php on line 103
[09-Jan-2021 18:44:43 UTC] PHP Notice:  Undefined index: contact in C:\www\RNGportal\app\views\Person\person_view.tpl.php on line 222
[09-Jan-2021 18:44:43 UTC] PHP Notice:  Undefined index: contact in C:\www\RNGportal\app\views\Person\person_view.tpl.php on line 229
[09-Jan-2021 18:44:43 UTC] PHP Notice:  Undefined index: contact in C:\www\RNGportal\app\views\Person\person_view.tpl.php on line 230
[09-Jan-2021 18:44:43 UTC] PHP Notice:  Undefined index: contact in C:\www\RNGportal\app\views\Person\person_view.tpl.php on line 233
[09-Jan-2021 18:44:43 UTC] PHP Notice:  Undefined index: contact in C:\www\RNGportal\app\views\Person\person_view.tpl.php on line 234
[09-Jan-2021 18:44:43 UTC] PHP Notice:  Undefined index: contact in C:\www\RNGportal\app\views\Person\person_view.tpl.php on line 238
[09-Jan-2021 18:44:43 UTC] PHP Notice:  Undefined index: contact in C:\www\RNGportal\app\views\Person\person_view.tpl.php on line 239
[09-Jan-2021 18:44:43 UTC] PHP Notice:  Undefined index: contact in C:\www\RNGportal\app\views\Person\person_view.tpl.php on line 242
[09-Jan-2021 18:44:43 UTC] PHP Notice:  Undefined index: contact in C:\www\RNGportal\app\views\Person\person_view.tpl.php on line 243
[09-Jan-2021 18:44:43 UTC] PHP Notice:  Undefined index: contact in C:\www\RNGportal\app\views\Person\person_view.tpl.php on line 251
[09-Jan-2021 18:45:18 UTC] PHP Notice:  Trying to get property of non-object in C:\www\RNGportal\app\http\models\Person.php on line 19
[09-Jan-2021 18:45:18 UTC] PHP Notice:  Undefined index: salutation in C:\www\RNGportal\app\views\Person\person_view.tpl.php on line 9
[09-Jan-2021 18:45:18 UTC] PHP Notice:  Undefined index: firstname in C:\www\RNGportal\app\views\Person\person_view.tpl.php on line 9
[09-Jan-2021 18:45:18 UTC] PHP Notice:  Undefined index: lastname in C:\www\RNGportal\app\views\Person\person_view.tpl.php on line 9
[09-Jan-2021 18:45:18 UTC] PHP Notice:  Undefined index: company in C:\www\RNGportal\app\views\Person\person_view.tpl.php on line 10
[09-Jan-2021 18:45:18 UTC] PHP Notice:  Undefined index: email in C:\www\RNGportal\app\views\Person\person_view.tpl.php on line 11
[09-Jan-2021 18:45:18 UTC] PHP Notice:  Undefined index: phone in C:\www\RNGportal\app\views\Person\person_view.tpl.php on line 12
[09-Jan-2021 18:45:18 UTC] PHP Notice:  Undefined index: website in C:\www\RNGportal\app\views\Person\person_view.tpl.php on line 13
[09-Jan-2021 18:45:18 UTC] PHP Notice:  Undefined index: contact_type in C:\www\RNGportal\app\views\Person\person_view.tpl.php on line 18
[09-Jan-2021 18:45:18 UTC] PHP Notice:  Undefined index: contact in C:\www\RNGportal\app\views\Person\person_view.tpl.php on line 27
[09-Jan-2021 18:45:18 UTC] PHP Notice:  Undefined index: id in C:\www\RNGportal\app\views\Person\person_view.tpl.php on line 30
[09-Jan-2021 18:45:18 UTC] PHP Notice:  Undefined index: company in C:\www\RNGportal\app\views\Person\person_view.tpl.php on line 48
[09-Jan-2021 18:45:18 UTC] PHP Notice:  Undefined index: contact in C:\www\RNGportal\app\views\Person\person_view.tpl.php on line 65
[09-Jan-2021 18:45:18 UTC] PHP Notice:  Undefined index: contact in C:\www\RNGportal\app\views\Person\person_view.tpl.php on line 69
[09-Jan-2021 18:45:18 UTC] PHP Notice:  Undefined index: contact in C:\www\RNGportal\app\views\Person\person_view.tpl.php on line 78
[09-Jan-2021 18:45:18 UTC] PHP Notice:  Undefined index: persons in C:\www\RNGportal\app\views\Person\person_view.tpl.php on line 82
[09-Jan-2021 18:45:18 UTC] PHP Notice:  Undefined index: contact in C:\www\RNGportal\app\views\Person\person_view.tpl.php on line 98
[09-Jan-2021 18:45:18 UTC] PHP Notice:  Undefined index: remark in C:\www\RNGportal\app\views\Person\person_view.tpl.php on line 99
[09-Jan-2021 18:45:18 UTC] PHP Notice:  Undefined index: contact_type in C:\www\RNGportal\app\views\Person\person_view.tpl.php on line 103
[09-Jan-2021 18:45:18 UTC] PHP Notice:  Undefined index: contact in C:\www\RNGportal\app\views\Person\person_view.tpl.php on line 222
[09-Jan-2021 18:45:18 UTC] PHP Notice:  Undefined index: contact in C:\www\RNGportal\app\views\Person\person_view.tpl.php on line 229
[09-Jan-2021 18:45:18 UTC] PHP Notice:  Undefined index: email in C:\www\RNGportal\app\views\Person\person_view.tpl.php on line 230
[09-Jan-2021 18:45:18 UTC] PHP Notice:  Undefined index: contact in C:\www\RNGportal\app\views\Person\person_view.tpl.php on line 230
[09-Jan-2021 18:45:18 UTC] PHP Notice:  Undefined index: contact in C:\www\RNGportal\app\views\Person\person_view.tpl.php on line 233
[09-Jan-2021 18:45:18 UTC] PHP Notice:  Undefined index: contact in C:\www\RNGportal\app\views\Person\person_view.tpl.php on line 234
[09-Jan-2021 18:45:18 UTC] PHP Notice:  Undefined index: contact in C:\www\RNGportal\app\views\Person\person_view.tpl.php on line 238
[09-Jan-2021 18:45:19 UTC] PHP Notice:  Undefined index: contact in C:\www\RNGportal\app\views\Person\person_view.tpl.php on line 239
[09-Jan-2021 18:45:19 UTC] PHP Notice:  Undefined index: contact in C:\www\RNGportal\app\views\Person\person_view.tpl.php on line 242
[09-Jan-2021 18:45:19 UTC] PHP Notice:  Undefined index: contact in C:\www\RNGportal\app\views\Person\person_view.tpl.php on line 243
[09-Jan-2021 18:45:19 UTC] PHP Notice:  Undefined index: id in C:\www\RNGportal\app\views\Person\person_view.tpl.php on line 245
[09-Jan-2021 18:45:19 UTC] PHP Notice:  Undefined index: email in C:\www\RNGportal\app\views\Person\person_view.tpl.php on line 246
[09-Jan-2021 18:45:19 UTC] PHP Notice:  Undefined index: company in C:\www\RNGportal\app\views\Person\person_view.tpl.php on line 247
[09-Jan-2021 18:45:19 UTC] PHP Notice:  Undefined index: contact in C:\www\RNGportal\app\views\Person\person_view.tpl.php on line 251
[09-Jan-2021 18:45:35 UTC] PHP Notice:  Undefined index: website in C:\www\RNGportal\app\views\Person\person_view.tpl.php on line 13
[09-Jan-2021 18:45:35 UTC] PHP Notice:  Undefined index: contact_type in C:\www\RNGportal\app\views\Person\person_view.tpl.php on line 18
[09-Jan-2021 18:45:35 UTC] PHP Notice:  Undefined index: contact in C:\www\RNGportal\app\views\Person\person_view.tpl.php on line 27
[09-Jan-2021 18:45:35 UTC] PHP Notice:  Undefined index: contact in C:\www\RNGportal\app\views\Person\person_view.tpl.php on line 65
[09-Jan-2021 18:45:35 UTC] PHP Notice:  Undefined index: contact in C:\www\RNGportal\app\views\Person\person_view.tpl.php on line 69
[09-Jan-2021 18:45:35 UTC] PHP Notice:  Undefined index: contact in C:\www\RNGportal\app\views\Person\person_view.tpl.php on line 78
[09-Jan-2021 18:45:35 UTC] PHP Notice:  Undefined index: persons in C:\www\RNGportal\app\views\Person\person_view.tpl.php on line 82
[09-Jan-2021 18:45:35 UTC] PHP Notice:  Undefined index: contact in C:\www\RNGportal\app\views\Person\person_view.tpl.php on line 98
[09-Jan-2021 18:45:35 UTC] PHP Notice:  Undefined index: contact_type in C:\www\RNGportal\app\views\Person\person_view.tpl.php on line 103
[09-Jan-2021 18:45:35 UTC] PHP Notice:  Undefined index: contact in C:\www\RNGportal\app\views\Person\person_view.tpl.php on line 222
[09-Jan-2021 18:45:35 UTC] PHP Notice:  Undefined index: contact in C:\www\RNGportal\app\views\Person\person_view.tpl.php on line 229
[09-Jan-2021 18:45:35 UTC] PHP Notice:  Undefined index: contact in C:\www\RNGportal\app\views\Person\person_view.tpl.php on line 230
[09-Jan-2021 18:45:35 UTC] PHP Notice:  Undefined index: contact in C:\www\RNGportal\app\views\Person\person_view.tpl.php on line 233
[09-Jan-2021 18:45:35 UTC] PHP Notice:  Undefined index: contact in C:\www\RNGportal\app\views\Person\person_view.tpl.php on line 234
[09-Jan-2021 18:45:35 UTC] PHP Notice:  Undefined index: contact in C:\www\RNGportal\app\views\Person\person_view.tpl.php on line 238
[09-Jan-2021 18:45:35 UTC] PHP Notice:  Undefined index: contact in C:\www\RNGportal\app\views\Person\person_view.tpl.php on line 239
[09-Jan-2021 18:45:35 UTC] PHP Notice:  Undefined index: contact in C:\www\RNGportal\app\views\Person\person_view.tpl.php on line 242
[09-Jan-2021 18:45:35 UTC] PHP Notice:  Undefined index: contact in C:\www\RNGportal\app\views\Person\person_view.tpl.php on line 243
[09-Jan-2021 18:45:35 UTC] PHP Notice:  Undefined index: contact in C:\www\RNGportal\app\views\Person\person_view.tpl.php on line 251
[09-Jan-2021 18:46:37 UTC] PHP Notice:  Undefined index: contact_type in C:\www\RNGportal\app\views\Person\person_view.tpl.php on line 17
[09-Jan-2021 18:46:37 UTC] PHP Notice:  Undefined index: contact in C:\www\RNGportal\app\views\Person\person_view.tpl.php on line 26
[09-Jan-2021 18:46:37 UTC] PHP Notice:  Undefined index: contact in C:\www\RNGportal\app\views\Person\person_view.tpl.php on line 64
[09-Jan-2021 18:46:37 UTC] PHP Notice:  Undefined index: contact in C:\www\RNGportal\app\views\Person\person_view.tpl.php on line 68
[09-Jan-2021 18:46:37 UTC] PHP Notice:  Undefined index: contact in C:\www\RNGportal\app\views\Person\person_view.tpl.php on line 77
[09-Jan-2021 18:46:37 UTC] PHP Notice:  Undefined index: persons in C:\www\RNGportal\app\views\Person\person_view.tpl.php on line 81
[09-Jan-2021 18:46:37 UTC] PHP Notice:  Undefined index: contact in C:\www\RNGportal\app\views\Person\person_view.tpl.php on line 97
[09-Jan-2021 18:46:37 UTC] PHP Notice:  Undefined index: contact_type in C:\www\RNGportal\app\views\Person\person_view.tpl.php on line 102
[09-Jan-2021 18:46:37 UTC] PHP Notice:  Undefined index: contact in C:\www\RNGportal\app\views\Person\person_view.tpl.php on line 221
[09-Jan-2021 18:46:37 UTC] PHP Notice:  Undefined index: contact in C:\www\RNGportal\app\views\Person\person_view.tpl.php on line 228
[09-Jan-2021 18:46:37 UTC] PHP Notice:  Undefined index: contact in C:\www\RNGportal\app\views\Person\person_view.tpl.php on line 229
[09-Jan-2021 18:46:37 UTC] PHP Notice:  Undefined index: contact in C:\www\RNGportal\app\views\Person\person_view.tpl.php on line 232
[09-Jan-2021 18:46:37 UTC] PHP Notice:  Undefined index: contact in C:\www\RNGportal\app\views\Person\person_view.tpl.php on line 233
[09-Jan-2021 18:46:37 UTC] PHP Notice:  Undefined index: contact in C:\www\RNGportal\app\views\Person\person_view.tpl.php on line 237
[09-Jan-2021 18:46:37 UTC] PHP Notice:  Undefined index: contact in C:\www\RNGportal\app\views\Person\person_view.tpl.php on line 238
[09-Jan-2021 18:46:37 UTC] PHP Notice:  Undefined index: contact in C:\www\RNGportal\app\views\Person\person_view.tpl.php on line 241
[09-Jan-2021 18:46:37 UTC] PHP Notice:  Undefined index: contact in C:\www\RNGportal\app\views\Person\person_view.tpl.php on line 242
[09-Jan-2021 18:46:37 UTC] PHP Notice:  Undefined index: contact in C:\www\RNGportal\app\views\Person\person_view.tpl.php on line 250
[09-Jan-2021 18:47:21 UTC] PHP Notice:  Undefined index: contact_type in C:\www\RNGportal\app\views\Person\person_view.tpl.php on line 17
[09-Jan-2021 18:47:21 UTC] PHP Notice:  Undefined index: contact in C:\www\RNGportal\app\views\Person\person_view.tpl.php on line 64
[09-Jan-2021 18:47:21 UTC] PHP Notice:  Undefined index: contact in C:\www\RNGportal\app\views\Person\person_view.tpl.php on line 68
[09-Jan-2021 18:47:21 UTC] PHP Notice:  Undefined index: contact in C:\www\RNGportal\app\views\Person\person_view.tpl.php on line 77
[09-Jan-2021 18:47:21 UTC] PHP Notice:  Undefined index: persons in C:\www\RNGportal\app\views\Person\person_view.tpl.php on line 81
[09-Jan-2021 18:47:21 UTC] PHP Notice:  Undefined index: contact in C:\www\RNGportal\app\views\Person\person_view.tpl.php on line 97
[09-Jan-2021 18:47:21 UTC] PHP Notice:  Undefined index: contact_type in C:\www\RNGportal\app\views\Person\person_view.tpl.php on line 102
[09-Jan-2021 18:47:21 UTC] PHP Notice:  Undefined index: contact in C:\www\RNGportal\app\views\Person\person_view.tpl.php on line 221
[09-Jan-2021 18:47:21 UTC] PHP Notice:  Undefined index: contact in C:\www\RNGportal\app\views\Person\person_view.tpl.php on line 228
[09-Jan-2021 18:47:21 UTC] PHP Notice:  Undefined index: contact in C:\www\RNGportal\app\views\Person\person_view.tpl.php on line 229
[09-Jan-2021 18:47:21 UTC] PHP Notice:  Undefined index: contact in C:\www\RNGportal\app\views\Person\person_view.tpl.php on line 232
[09-Jan-2021 18:47:21 UTC] PHP Notice:  Undefined index: contact in C:\www\RNGportal\app\views\Person\person_view.tpl.php on line 233
[09-Jan-2021 18:47:21 UTC] PHP Notice:  Undefined index: contact in C:\www\RNGportal\app\views\Person\person_view.tpl.php on line 237
[09-Jan-2021 18:47:21 UTC] PHP Notice:  Undefined index: contact in C:\www\RNGportal\app\views\Person\person_view.tpl.php on line 238
[09-Jan-2021 18:47:21 UTC] PHP Notice:  Undefined index: contact in C:\www\RNGportal\app\views\Person\person_view.tpl.php on line 241
[09-Jan-2021 18:47:21 UTC] PHP Notice:  Undefined index: contact in C:\www\RNGportal\app\views\Person\person_view.tpl.php on line 242
[09-Jan-2021 18:47:21 UTC] PHP Notice:  Undefined index: contact in C:\www\RNGportal\app\views\Person\person_view.tpl.php on line 250
[09-Jan-2021 18:48:20 UTC] PHP Notice:  Undefined index: contact_type in C:\www\RNGportal\app\views\Person\person_view.tpl.php on line 17
[09-Jan-2021 18:48:20 UTC] PHP Notice:  Undefined index: contact in C:\www\RNGportal\app\views\Person\person_view.tpl.php on line 77
[09-Jan-2021 18:48:20 UTC] PHP Notice:  Undefined index: persons in C:\www\RNGportal\app\views\Person\person_view.tpl.php on line 81
[09-Jan-2021 18:48:20 UTC] PHP Notice:  Undefined index: contact in C:\www\RNGportal\app\views\Person\person_view.tpl.php on line 97
[09-Jan-2021 18:48:20 UTC] PHP Notice:  Undefined index: contact_type in C:\www\RNGportal\app\views\Person\person_view.tpl.php on line 102
[09-Jan-2021 18:48:20 UTC] PHP Notice:  Undefined index: contact in C:\www\RNGportal\app\views\Person\person_view.tpl.php on line 221
[09-Jan-2021 18:48:20 UTC] PHP Notice:  Undefined index: contact in C:\www\RNGportal\app\views\Person\person_view.tpl.php on line 228
[09-Jan-2021 18:48:20 UTC] PHP Notice:  Undefined index: contact in C:\www\RNGportal\app\views\Person\person_view.tpl.php on line 229
[09-Jan-2021 18:48:21 UTC] PHP Notice:  Undefined index: contact in C:\www\RNGportal\app\views\Person\person_view.tpl.php on line 232
[09-Jan-2021 18:48:21 UTC] PHP Notice:  Undefined index: contact in C:\www\RNGportal\app\views\Person\person_view.tpl.php on line 233
[09-Jan-2021 18:48:21 UTC] PHP Notice:  Undefined index: contact in C:\www\RNGportal\app\views\Person\person_view.tpl.php on line 237
[09-Jan-2021 18:48:21 UTC] PHP Notice:  Undefined index: contact in C:\www\RNGportal\app\views\Person\person_view.tpl.php on line 238
[09-Jan-2021 18:48:21 UTC] PHP Notice:  Undefined index: contact in C:\www\RNGportal\app\views\Person\person_view.tpl.php on line 241
[09-Jan-2021 18:48:21 UTC] PHP Notice:  Undefined index: contact in C:\www\RNGportal\app\views\Person\person_view.tpl.php on line 242
[09-Jan-2021 18:48:21 UTC] PHP Notice:  Undefined index: contact in C:\www\RNGportal\app\views\Person\person_view.tpl.php on line 250
[09-Jan-2021 18:49:18 UTC] PHP Notice:  Undefined index: contact in C:\www\RNGportal\app\views\Person\person_view.tpl.php on line 77
[09-Jan-2021 18:49:18 UTC] PHP Notice:  Undefined index: persons in C:\www\RNGportal\app\views\Person\person_view.tpl.php on line 81
[09-Jan-2021 18:49:18 UTC] PHP Notice:  Undefined index: contact in C:\www\RNGportal\app\views\Person\person_view.tpl.php on line 97
[09-Jan-2021 18:49:18 UTC] PHP Notice:  Undefined index: contact_type in C:\www\RNGportal\app\views\Person\person_view.tpl.php on line 102
[09-Jan-2021 18:49:18 UTC] PHP Notice:  Undefined index: contact in C:\www\RNGportal\app\views\Person\person_view.tpl.php on line 221
[09-Jan-2021 18:49:18 UTC] PHP Notice:  Undefined index: contact in C:\www\RNGportal\app\views\Person\person_view.tpl.php on line 228
[09-Jan-2021 18:49:18 UTC] PHP Notice:  Undefined index: contact in C:\www\RNGportal\app\views\Person\person_view.tpl.php on line 229
[09-Jan-2021 18:49:18 UTC] PHP Notice:  Undefined index: contact in C:\www\RNGportal\app\views\Person\person_view.tpl.php on line 232
[09-Jan-2021 18:49:18 UTC] PHP Notice:  Undefined index: contact in C:\www\RNGportal\app\views\Person\person_view.tpl.php on line 233
[09-Jan-2021 18:49:18 UTC] PHP Notice:  Undefined index: contact in C:\www\RNGportal\app\views\Person\person_view.tpl.php on line 237
[09-Jan-2021 18:49:18 UTC] PHP Notice:  Undefined index: contact in C:\www\RNGportal\app\views\Person\person_view.tpl.php on line 238
[09-Jan-2021 18:49:18 UTC] PHP Notice:  Undefined index: contact in C:\www\RNGportal\app\views\Person\person_view.tpl.php on line 241
[09-Jan-2021 18:49:18 UTC] PHP Notice:  Undefined index: contact in C:\www\RNGportal\app\views\Person\person_view.tpl.php on line 242
[09-Jan-2021 18:49:18 UTC] PHP Notice:  Undefined index: contact in C:\www\RNGportal\app\views\Person\person_view.tpl.php on line 250
[09-Jan-2021 18:50:08 UTC] PHP Notice:  Undefined index: contact in C:\www\RNGportal\app\views\Person\person_view.tpl.php on line 77
[09-Jan-2021 18:50:08 UTC] PHP Notice:  Undefined index: contact in C:\www\RNGportal\app\views\Person\person_view.tpl.php on line 97
[09-Jan-2021 18:50:08 UTC] PHP Notice:  Undefined index: contact_type in C:\www\RNGportal\app\views\Person\person_view.tpl.php on line 102
[09-Jan-2021 18:50:08 UTC] PHP Notice:  Undefined index: contact in C:\www\RNGportal\app\views\Person\person_view.tpl.php on line 221
[09-Jan-2021 18:50:08 UTC] PHP Notice:  Undefined index: contact in C:\www\RNGportal\app\views\Person\person_view.tpl.php on line 228
[09-Jan-2021 18:50:08 UTC] PHP Notice:  Undefined index: contact in C:\www\RNGportal\app\views\Person\person_view.tpl.php on line 229
[09-Jan-2021 18:50:08 UTC] PHP Notice:  Undefined index: contact in C:\www\RNGportal\app\views\Person\person_view.tpl.php on line 232
[09-Jan-2021 18:50:08 UTC] PHP Notice:  Undefined index: contact in C:\www\RNGportal\app\views\Person\person_view.tpl.php on line 233
[09-Jan-2021 18:50:08 UTC] PHP Notice:  Undefined index: contact in C:\www\RNGportal\app\views\Person\person_view.tpl.php on line 237
[09-Jan-2021 18:50:08 UTC] PHP Notice:  Undefined index: contact in C:\www\RNGportal\app\views\Person\person_view.tpl.php on line 238
[09-Jan-2021 18:50:08 UTC] PHP Notice:  Undefined index: contact in C:\www\RNGportal\app\views\Person\person_view.tpl.php on line 241
[09-Jan-2021 18:50:08 UTC] PHP Notice:  Undefined index: contact in C:\www\RNGportal\app\views\Person\person_view.tpl.php on line 242
[09-Jan-2021 18:50:08 UTC] PHP Notice:  Undefined index: contact in C:\www\RNGportal\app\views\Person\person_view.tpl.php on line 250
[09-Jan-2021 18:51:05 UTC] PHP Notice:  Undefined index: contact in C:\www\RNGportal\app\views\Person\person_view.tpl.php on line 77
[09-Jan-2021 18:51:05 UTC] PHP Notice:  Undefined index: contact in C:\www\RNGportal\app\views\Person\person_view.tpl.php on line 97
[09-Jan-2021 18:51:05 UTC] PHP Notice:  Undefined index: contact in C:\www\RNGportal\app\views\Person\person_view.tpl.php on line 221
[09-Jan-2021 18:51:05 UTC] PHP Notice:  Undefined index: contact in C:\www\RNGportal\app\views\Person\person_view.tpl.php on line 228
[09-Jan-2021 18:51:05 UTC] PHP Notice:  Undefined index: contact in C:\www\RNGportal\app\views\Person\person_view.tpl.php on line 229
[09-Jan-2021 18:51:05 UTC] PHP Notice:  Undefined index: contact in C:\www\RNGportal\app\views\Person\person_view.tpl.php on line 232
[09-Jan-2021 18:51:05 UTC] PHP Notice:  Undefined index: contact in C:\www\RNGportal\app\views\Person\person_view.tpl.php on line 233
[09-Jan-2021 18:51:05 UTC] PHP Notice:  Undefined index: contact in C:\www\RNGportal\app\views\Person\person_view.tpl.php on line 237
[09-Jan-2021 18:51:05 UTC] PHP Notice:  Undefined index: contact in C:\www\RNGportal\app\views\Person\person_view.tpl.php on line 238
[09-Jan-2021 18:51:05 UTC] PHP Notice:  Undefined index: contact in C:\www\RNGportal\app\views\Person\person_view.tpl.php on line 241
[09-Jan-2021 18:51:05 UTC] PHP Notice:  Undefined index: contact in C:\www\RNGportal\app\views\Person\person_view.tpl.php on line 242
[09-Jan-2021 18:51:05 UTC] PHP Notice:  Undefined index: contact in C:\www\RNGportal\app\views\Person\person_view.tpl.php on line 250
[09-Jan-2021 18:51:27 UTC] PHP Notice:  Undefined index: contact in C:\www\RNGportal\app\views\Person\person_view.tpl.php on line 77
[09-Jan-2021 18:51:27 UTC] PHP Notice:  Undefined index: contact in C:\www\RNGportal\app\views\Person\person_view.tpl.php on line 221
[09-Jan-2021 18:51:27 UTC] PHP Notice:  Undefined index: contact in C:\www\RNGportal\app\views\Person\person_view.tpl.php on line 228
[09-Jan-2021 18:51:27 UTC] PHP Notice:  Undefined index: contact in C:\www\RNGportal\app\views\Person\person_view.tpl.php on line 229
[09-Jan-2021 18:51:27 UTC] PHP Notice:  Undefined index: contact in C:\www\RNGportal\app\views\Person\person_view.tpl.php on line 232
[09-Jan-2021 18:51:27 UTC] PHP Notice:  Undefined index: contact in C:\www\RNGportal\app\views\Person\person_view.tpl.php on line 233
[09-Jan-2021 18:51:27 UTC] PHP Notice:  Undefined index: contact in C:\www\RNGportal\app\views\Person\person_view.tpl.php on line 237
[09-Jan-2021 18:51:27 UTC] PHP Notice:  Undefined index: contact in C:\www\RNGportal\app\views\Person\person_view.tpl.php on line 238
[09-Jan-2021 18:51:27 UTC] PHP Notice:  Undefined index: contact in C:\www\RNGportal\app\views\Person\person_view.tpl.php on line 241
[09-Jan-2021 18:51:27 UTC] PHP Notice:  Undefined index: contact in C:\www\RNGportal\app\views\Person\person_view.tpl.php on line 242
[09-Jan-2021 18:51:27 UTC] PHP Notice:  Undefined index: contact in C:\www\RNGportal\app\views\Person\person_view.tpl.php on line 250
[09-Jan-2021 18:51:50 UTC] PHP Notice:  Undefined index: contact in C:\www\RNGportal\app\views\Person\person_view.tpl.php on line 221
[09-Jan-2021 18:51:50 UTC] PHP Notice:  Undefined index: contact in C:\www\RNGportal\app\views\Person\person_view.tpl.php on line 228
[09-Jan-2021 18:51:50 UTC] PHP Notice:  Undefined index: contact in C:\www\RNGportal\app\views\Person\person_view.tpl.php on line 229
[09-Jan-2021 18:51:50 UTC] PHP Notice:  Undefined index: contact in C:\www\RNGportal\app\views\Person\person_view.tpl.php on line 232
[09-Jan-2021 18:51:50 UTC] PHP Notice:  Undefined index: contact in C:\www\RNGportal\app\views\Person\person_view.tpl.php on line 233
[09-Jan-2021 18:51:50 UTC] PHP Notice:  Undefined index: contact in C:\www\RNGportal\app\views\Person\person_view.tpl.php on line 237
[09-Jan-2021 18:51:50 UTC] PHP Notice:  Undefined index: contact in C:\www\RNGportal\app\views\Person\person_view.tpl.php on line 238
[09-Jan-2021 18:51:50 UTC] PHP Notice:  Undefined index: contact in C:\www\RNGportal\app\views\Person\person_view.tpl.php on line 241
[09-Jan-2021 18:51:50 UTC] PHP Notice:  Undefined index: contact in C:\www\RNGportal\app\views\Person\person_view.tpl.php on line 242
[09-Jan-2021 18:51:50 UTC] PHP Notice:  Undefined index: contact in C:\www\RNGportal\app\views\Person\person_view.tpl.php on line 250
