[27-Oct-2022 17:00:00 Asia/Kuwait] PHP Notice:  Trying to get property 'num_rows' of non-object in C:\www\RNGportal\clients\app\http\models\Commons.php on line 11
[27-Oct-2022 17:00:00 Asia/Kuwait] PHP Warning:  Illegal string offset 'email' in C:\www\RNGportal\clients\app\http\controllers\DashboardController.php on line 67
[27-Oct-2022 17:00:00 Asia/Kuwait] PHP Notice:  Uninitialized string offset: 0 in C:\www\RNGportal\clients\app\http\controllers\DashboardController.php on line 67
[27-Oct-2022 17:00:00 Asia/Kuwait] PHP Warning:  Illegal string offset 'email' in C:\www\RNGportal\clients\app\http\controllers\DashboardController.php on line 84
[27-Oct-2022 17:00:00 Asia/Kuwait] PHP Notice:  Uninitialized string offset: 0 in C:\www\RNGportal\clients\app\http\controllers\DashboardController.php on line 84
[27-Oct-2022 17:00:00 Asia/Kuwait] PHP Warning:  Illegal string offset 'email' in C:\www\RNGportal\clients\app\http\controllers\DashboardController.php on line 88
[27-Oct-2022 17:00:00 Asia/Kuwait] PHP Notice:  Uninitialized string offset: 0 in C:\www\RNGportal\clients\app\http\controllers\DashboardController.php on line 88
[27-Oct-2022 17:00:00 Asia/Kuwait] PHP Warning:  Illegal string offset 'name' in C:\www\RNGportal\clients\app\views\common\header.tpl.php on line 57
[27-Oct-2022 17:00:00 Asia/Kuwait] PHP Notice:  Uninitialized string offset: 0 in C:\www\RNGportal\clients\app\views\common\header.tpl.php on line 57
[27-Oct-2022 17:00:00 Asia/Kuwait] PHP Notice:  Array to string conversion in C:\www\RNGportal\clients\app\views\dashboard\dashboard.tpl.php on line 259
[04-Mar-2023 14:56:35 Asia/Kuwait] PHP Notice:  Trying to get property 'num_rows' of non-object in C:\www\RNGportal\clients\app\http\models\Commons.php on line 11
[04-Mar-2023 14:56:35 Asia/Kuwait] PHP Warning:  Illegal string offset 'email' in C:\www\RNGportal\clients\app\http\controllers\DashboardController.php on line 67
[04-Mar-2023 14:56:35 Asia/Kuwait] PHP Notice:  Uninitialized string offset: 0 in C:\www\RNGportal\clients\app\http\controllers\DashboardController.php on line 67
[04-Mar-2023 14:56:35 Asia/Kuwait] PHP Warning:  Illegal string offset 'email' in C:\www\RNGportal\clients\app\http\controllers\DashboardController.php on line 84
[04-Mar-2023 14:56:35 Asia/Kuwait] PHP Notice:  Uninitialized string offset: 0 in C:\www\RNGportal\clients\app\http\controllers\DashboardController.php on line 84
[04-Mar-2023 14:56:35 Asia/Kuwait] PHP Warning:  Illegal string offset 'email' in C:\www\RNGportal\clients\app\http\controllers\DashboardController.php on line 88
[04-Mar-2023 14:56:35 Asia/Kuwait] PHP Notice:  Uninitialized string offset: 0 in C:\www\RNGportal\clients\app\http\controllers\DashboardController.php on line 88
[04-Mar-2023 14:56:35 Asia/Kuwait] PHP Warning:  Illegal string offset 'name' in C:\www\RNGportal\clients\app\views\common\header.tpl.php on line 57
[04-Mar-2023 14:56:35 Asia/Kuwait] PHP Notice:  Uninitialized string offset: 0 in C:\www\RNGportal\clients\app\views\common\header.tpl.php on line 57
[04-Mar-2023 14:56:35 Asia/Kuwait] PHP Notice:  Array to string conversion in C:\www\RNGportal\clients\app\views\dashboard\dashboard.tpl.php on line 259
[04-Mar-2023 14:56:36 Asia/Kuwait] PHP Notice:  Trying to get property 'num_rows' of non-object in C:\www\RNGportal\clients\app\http\models\Commons.php on line 11
[04-Mar-2023 14:56:36 Asia/Kuwait] PHP Warning:  Illegal string offset 'email' in C:\www\RNGportal\clients\app\http\controllers\DashboardController.php on line 67
[04-Mar-2023 14:56:36 Asia/Kuwait] PHP Notice:  Uninitialized string offset: 0 in C:\www\RNGportal\clients\app\http\controllers\DashboardController.php on line 67
[04-Mar-2023 14:56:36 Asia/Kuwait] PHP Warning:  Illegal string offset 'email' in C:\www\RNGportal\clients\app\http\controllers\DashboardController.php on line 84
[04-Mar-2023 14:56:36 Asia/Kuwait] PHP Notice:  Uninitialized string offset: 0 in C:\www\RNGportal\clients\app\http\controllers\DashboardController.php on line 84
[04-Mar-2023 14:56:36 Asia/Kuwait] PHP Warning:  Illegal string offset 'email' in C:\www\RNGportal\clients\app\http\controllers\DashboardController.php on line 88
[04-Mar-2023 14:56:36 Asia/Kuwait] PHP Notice:  Uninitialized string offset: 0 in C:\www\RNGportal\clients\app\http\controllers\DashboardController.php on line 88
[04-Mar-2023 14:56:36 Asia/Kuwait] PHP Warning:  Illegal string offset 'name' in C:\www\RNGportal\clients\app\views\common\header.tpl.php on line 57
[04-Mar-2023 14:56:36 Asia/Kuwait] PHP Notice:  Uninitialized string offset: 0 in C:\www\RNGportal\clients\app\views\common\header.tpl.php on line 57
[04-Mar-2023 14:56:36 Asia/Kuwait] PHP Notice:  Array to string conversion in C:\www\RNGportal\clients\app\views\dashboard\dashboard.tpl.php on line 259
[04-Mar-2023 14:56:50 Asia/Kuwait] PHP Notice:  Trying to get property 'num_rows' of non-object in C:\www\RNGportal\clients\app\http\models\Commons.php on line 11
[04-Mar-2023 14:56:50 Asia/Kuwait] PHP Warning:  Illegal string offset 'email' in C:\www\RNGportal\clients\app\http\models\Ticket.php on line 34
[04-Mar-2023 14:56:50 Asia/Kuwait] PHP Notice:  Uninitialized string offset: 0 in C:\www\RNGportal\clients\app\http\models\Ticket.php on line 34
[04-Mar-2023 14:56:50 Asia/Kuwait] PHP Warning:  Illegal string offset 'name' in C:\www\RNGportal\clients\app\views\common\header.tpl.php on line 57
[04-Mar-2023 14:56:50 Asia/Kuwait] PHP Notice:  Uninitialized string offset: 0 in C:\www\RNGportal\clients\app\views\common\header.tpl.php on line 57
[04-Mar-2023 14:56:50 Asia/Kuwait] PHP Warning:  Illegal string offset 'email' in C:\www\RNGportal\clients\app\views\ticket\ticket_edit.tpl.php on line 8
[04-Mar-2023 14:56:50 Asia/Kuwait] PHP Notice:  Uninitialized string offset: 0 in C:\www\RNGportal\clients\app\views\ticket\ticket_edit.tpl.php on line 8
[04-Mar-2023 14:56:51 Asia/Kuwait] PHP Notice:  Trying to get property 'num_rows' of non-object in C:\www\RNGportal\clients\app\http\models\Commons.php on line 11
[04-Mar-2023 14:56:51 Asia/Kuwait] PHP Warning:  Illegal string offset 'email' in C:\www\RNGportal\clients\app\http\models\Ticket.php on line 34
[04-Mar-2023 14:56:51 Asia/Kuwait] PHP Notice:  Uninitialized string offset: 0 in C:\www\RNGportal\clients\app\http\models\Ticket.php on line 34
[04-Mar-2023 14:56:51 Asia/Kuwait] PHP Warning:  Illegal string offset 'name' in C:\www\RNGportal\clients\app\views\common\header.tpl.php on line 57
[04-Mar-2023 14:56:51 Asia/Kuwait] PHP Notice:  Uninitialized string offset: 0 in C:\www\RNGportal\clients\app\views\common\header.tpl.php on line 57
[04-Mar-2023 14:56:51 Asia/Kuwait] PHP Warning:  Illegal string offset 'email' in C:\www\RNGportal\clients\app\views\ticket\ticket_edit.tpl.php on line 8
[04-Mar-2023 14:56:51 Asia/Kuwait] PHP Notice:  Uninitialized string offset: 0 in C:\www\RNGportal\clients\app\views\ticket\ticket_edit.tpl.php on line 8
[04-Mar-2023 14:57:09 Asia/Kuwait] PHP Deprecated:  Array and string offset access syntax with curly braces is deprecated in C:\www\RNGportal\clients\builder\libs\tcpdf\tcpdf.php on line 16899
[04-Mar-2023 14:57:09 Asia/Kuwait] PHP Deprecated:  Array and string offset access syntax with curly braces is deprecated in C:\www\RNGportal\clients\builder\libs\tcpdf\tcpdf.php on line 16899
[04-Mar-2023 14:57:09 Asia/Kuwait] PHP Deprecated:  Array and string offset access syntax with curly braces is deprecated in C:\www\RNGportal\clients\builder\libs\tcpdf\tcpdf.php on line 16902
[04-Mar-2023 14:57:09 Asia/Kuwait] PHP Warning:  "continue" targeting switch is equivalent to "break". Did you mean to use "continue 2"? in C:\www\RNGportal\clients\builder\libs\tcpdf\tcpdf.php on line 17784
[04-Mar-2023 14:57:09 Asia/Kuwait] PHP Deprecated:  Array and string offset access syntax with curly braces is deprecated in C:\www\RNGportal\clients\builder\libs\tcpdf\include\tcpdf_images.php on line 318
[04-Mar-2023 14:57:09 Asia/Kuwait] PHP Notice:  Trying to get property 'num_rows' of non-object in C:\www\RNGportal\clients\app\http\models\Commons.php on line 11
[04-Mar-2023 14:57:09 Asia/Kuwait] PHP Warning:  Illegal string offset 'name' in C:\www\RNGportal\clients\app\views\common\header.tpl.php on line 57
[04-Mar-2023 14:57:09 Asia/Kuwait] PHP Notice:  Uninitialized string offset: 0 in C:\www\RNGportal\clients\app\views\common\header.tpl.php on line 57
[04-Mar-2023 14:57:10 Asia/Kuwait] PHP Deprecated:  Array and string offset access syntax with curly braces is deprecated in C:\www\RNGportal\clients\builder\libs\tcpdf\tcpdf.php on line 16899
[04-Mar-2023 14:57:10 Asia/Kuwait] PHP Deprecated:  Array and string offset access syntax with curly braces is deprecated in C:\www\RNGportal\clients\builder\libs\tcpdf\tcpdf.php on line 16899
[04-Mar-2023 14:57:10 Asia/Kuwait] PHP Deprecated:  Array and string offset access syntax with curly braces is deprecated in C:\www\RNGportal\clients\builder\libs\tcpdf\tcpdf.php on line 16902
[04-Mar-2023 14:57:10 Asia/Kuwait] PHP Warning:  "continue" targeting switch is equivalent to "break". Did you mean to use "continue 2"? in C:\www\RNGportal\clients\builder\libs\tcpdf\tcpdf.php on line 17784
[04-Mar-2023 14:57:10 Asia/Kuwait] PHP Deprecated:  Array and string offset access syntax with curly braces is deprecated in C:\www\RNGportal\clients\builder\libs\tcpdf\include\tcpdf_images.php on line 318
[04-Mar-2023 14:57:10 Asia/Kuwait] PHP Notice:  Trying to get property 'num_rows' of non-object in C:\www\RNGportal\clients\app\http\models\Commons.php on line 11
[04-Mar-2023 14:57:10 Asia/Kuwait] PHP Warning:  Illegal string offset 'name' in C:\www\RNGportal\clients\app\views\common\header.tpl.php on line 57
[04-Mar-2023 14:57:10 Asia/Kuwait] PHP Notice:  Uninitialized string offset: 0 in C:\www\RNGportal\clients\app\views\common\header.tpl.php on line 57
[04-Mar-2023 14:57:11 Asia/Kuwait] PHP Deprecated:  Array and string offset access syntax with curly braces is deprecated in C:\www\RNGportal\clients\builder\libs\tcpdf\tcpdf.php on line 16899
[04-Mar-2023 14:57:11 Asia/Kuwait] PHP Deprecated:  Array and string offset access syntax with curly braces is deprecated in C:\www\RNGportal\clients\builder\libs\tcpdf\tcpdf.php on line 16899
[04-Mar-2023 14:57:11 Asia/Kuwait] PHP Deprecated:  Array and string offset access syntax with curly braces is deprecated in C:\www\RNGportal\clients\builder\libs\tcpdf\tcpdf.php on line 16902
[04-Mar-2023 14:57:11 Asia/Kuwait] PHP Warning:  "continue" targeting switch is equivalent to "break". Did you mean to use "continue 2"? in C:\www\RNGportal\clients\builder\libs\tcpdf\tcpdf.php on line 17784
[04-Mar-2023 14:57:11 Asia/Kuwait] PHP Deprecated:  Array and string offset access syntax with curly braces is deprecated in C:\www\RNGportal\clients\builder\libs\tcpdf\include\tcpdf_images.php on line 318
[04-Mar-2023 14:57:11 Asia/Kuwait] PHP Notice:  Trying to get property 'num_rows' of non-object in C:\www\RNGportal\clients\app\http\models\Commons.php on line 11
[04-Mar-2023 14:57:11 Asia/Kuwait] PHP Warning:  Illegal string offset 'name' in C:\www\RNGportal\clients\app\views\common\header.tpl.php on line 57
[04-Mar-2023 14:57:11 Asia/Kuwait] PHP Notice:  Uninitialized string offset: 0 in C:\www\RNGportal\clients\app\views\common\header.tpl.php on line 57
[04-Mar-2023 14:57:11 Asia/Kuwait] PHP Deprecated:  Array and string offset access syntax with curly braces is deprecated in C:\www\RNGportal\clients\builder\libs\tcpdf\tcpdf.php on line 16899
[04-Mar-2023 14:57:11 Asia/Kuwait] PHP Deprecated:  Array and string offset access syntax with curly braces is deprecated in C:\www\RNGportal\clients\builder\libs\tcpdf\tcpdf.php on line 16899
[04-Mar-2023 14:57:11 Asia/Kuwait] PHP Deprecated:  Array and string offset access syntax with curly braces is deprecated in C:\www\RNGportal\clients\builder\libs\tcpdf\tcpdf.php on line 16902
[04-Mar-2023 14:57:11 Asia/Kuwait] PHP Warning:  "continue" targeting switch is equivalent to "break". Did you mean to use "continue 2"? in C:\www\RNGportal\clients\builder\libs\tcpdf\tcpdf.php on line 17784
[04-Mar-2023 14:57:11 Asia/Kuwait] PHP Deprecated:  Array and string offset access syntax with curly braces is deprecated in C:\www\RNGportal\clients\builder\libs\tcpdf\include\tcpdf_images.php on line 318
[04-Mar-2023 14:57:11 Asia/Kuwait] PHP Notice:  Trying to get property 'num_rows' of non-object in C:\www\RNGportal\clients\app\http\models\Commons.php on line 11
[04-Mar-2023 14:57:11 Asia/Kuwait] PHP Warning:  Illegal string offset 'name' in C:\www\RNGportal\clients\app\views\common\header.tpl.php on line 57
[04-Mar-2023 14:57:11 Asia/Kuwait] PHP Notice:  Uninitialized string offset: 0 in C:\www\RNGportal\clients\app\views\common\header.tpl.php on line 57
[04-Mar-2023 14:57:13 Asia/Kuwait] PHP Notice:  Trying to get property 'num_rows' of non-object in C:\www\RNGportal\clients\app\http\models\Commons.php on line 11
[04-Mar-2023 14:57:13 Asia/Kuwait] PHP Warning:  Illegal string offset 'email' in C:\www\RNGportal\clients\app\http\controllers\TicketController.php on line 32
[04-Mar-2023 14:57:13 Asia/Kuwait] PHP Notice:  Uninitialized string offset: 0 in C:\www\RNGportal\clients\app\http\controllers\TicketController.php on line 32
[04-Mar-2023 14:57:13 Asia/Kuwait] PHP Warning:  Illegal string offset 'name' in C:\www\RNGportal\clients\app\views\common\header.tpl.php on line 57
[04-Mar-2023 14:57:13 Asia/Kuwait] PHP Notice:  Uninitialized string offset: 0 in C:\www\RNGportal\clients\app\views\common\header.tpl.php on line 57
[04-Mar-2023 14:57:13 Asia/Kuwait] PHP Notice:  Trying to get property 'num_rows' of non-object in C:\www\RNGportal\clients\app\http\models\Commons.php on line 11
[04-Mar-2023 14:57:13 Asia/Kuwait] PHP Warning:  Illegal string offset 'email' in C:\www\RNGportal\clients\app\http\controllers\TicketController.php on line 32
[04-Mar-2023 14:57:13 Asia/Kuwait] PHP Notice:  Uninitialized string offset: 0 in C:\www\RNGportal\clients\app\http\controllers\TicketController.php on line 32
[04-Mar-2023 14:57:13 Asia/Kuwait] PHP Warning:  Illegal string offset 'name' in C:\www\RNGportal\clients\app\views\common\header.tpl.php on line 57
[04-Mar-2023 14:57:13 Asia/Kuwait] PHP Notice:  Uninitialized string offset: 0 in C:\www\RNGportal\clients\app\views\common\header.tpl.php on line 57
[04-Mar-2023 14:57:22 Asia/Kuwait] PHP Notice:  Trying to get property 'num_rows' of non-object in C:\www\RNGportal\clients\app\http\models\Commons.php on line 11
[04-Mar-2023 14:57:22 Asia/Kuwait] PHP Warning:  Illegal string offset 'email' in C:\www\RNGportal\clients\app\http\models\Ticket.php on line 34
[04-Mar-2023 14:57:22 Asia/Kuwait] PHP Notice:  Uninitialized string offset: 0 in C:\www\RNGportal\clients\app\http\models\Ticket.php on line 34
[04-Mar-2023 14:57:22 Asia/Kuwait] PHP Warning:  Illegal string offset 'name' in C:\www\RNGportal\clients\app\views\common\header.tpl.php on line 57
[04-Mar-2023 14:57:22 Asia/Kuwait] PHP Notice:  Uninitialized string offset: 0 in C:\www\RNGportal\clients\app\views\common\header.tpl.php on line 57
[04-Mar-2023 14:57:22 Asia/Kuwait] PHP Warning:  Illegal string offset 'email' in C:\www\RNGportal\clients\app\views\ticket\ticket_edit.tpl.php on line 8
[04-Mar-2023 14:57:22 Asia/Kuwait] PHP Notice:  Uninitialized string offset: 0 in C:\www\RNGportal\clients\app\views\ticket\ticket_edit.tpl.php on line 8
[04-Mar-2023 14:57:23 Asia/Kuwait] PHP Notice:  Trying to get property 'num_rows' of non-object in C:\www\RNGportal\clients\app\http\models\Commons.php on line 11
[04-Mar-2023 14:57:23 Asia/Kuwait] PHP Warning:  Illegal string offset 'email' in C:\www\RNGportal\clients\app\http\models\Ticket.php on line 34
[04-Mar-2023 14:57:23 Asia/Kuwait] PHP Notice:  Uninitialized string offset: 0 in C:\www\RNGportal\clients\app\http\models\Ticket.php on line 34
[04-Mar-2023 14:57:23 Asia/Kuwait] PHP Warning:  Illegal string offset 'name' in C:\www\RNGportal\clients\app\views\common\header.tpl.php on line 57
[04-Mar-2023 14:57:23 Asia/Kuwait] PHP Notice:  Uninitialized string offset: 0 in C:\www\RNGportal\clients\app\views\common\header.tpl.php on line 57
[04-Mar-2023 14:57:23 Asia/Kuwait] PHP Warning:  Illegal string offset 'email' in C:\www\RNGportal\clients\app\views\ticket\ticket_edit.tpl.php on line 8
[04-Mar-2023 14:57:23 Asia/Kuwait] PHP Notice:  Uninitialized string offset: 0 in C:\www\RNGportal\clients\app\views\ticket\ticket_edit.tpl.php on line 8
[04-Mar-2023 14:57:29 Asia/Kuwait] PHP Notice:  Trying to get property 'num_rows' of non-object in C:\www\RNGportal\clients\app\http\models\Commons.php on line 11
[04-Mar-2023 14:57:29 Asia/Kuwait] PHP Warning:  Illegal string offset 'name' in C:\www\RNGportal\clients\app\views\common\header.tpl.php on line 57
[04-Mar-2023 14:57:29 Asia/Kuwait] PHP Notice:  Uninitialized string offset: 0 in C:\www\RNGportal\clients\app\views\common\header.tpl.php on line 57
[04-Mar-2023 14:57:29 Asia/Kuwait] PHP Warning:  Illegal string offset 'name' in C:\www\RNGportal\clients\app\views\profile\profile.tpl.php on line 21
[04-Mar-2023 14:57:29 Asia/Kuwait] PHP Notice:  Uninitialized string offset: 0 in C:\www\RNGportal\clients\app\views\profile\profile.tpl.php on line 21
[04-Mar-2023 14:57:29 Asia/Kuwait] PHP Warning:  Illegal string offset 'email' in C:\www\RNGportal\clients\app\views\profile\profile.tpl.php on line 30
[04-Mar-2023 14:57:29 Asia/Kuwait] PHP Notice:  Uninitialized string offset: 0 in C:\www\RNGportal\clients\app\views\profile\profile.tpl.php on line 30
[04-Mar-2023 14:57:29 Asia/Kuwait] PHP Warning:  Illegal string offset 'mobile' in C:\www\RNGportal\clients\app\views\profile\profile.tpl.php on line 39
[04-Mar-2023 14:57:29 Asia/Kuwait] PHP Notice:  Uninitialized string offset: 0 in C:\www\RNGportal\clients\app\views\profile\profile.tpl.php on line 39
[04-Mar-2023 14:57:29 Asia/Kuwait] PHP Warning:  Illegal string offset 'id' in C:\www\RNGportal\clients\app\views\profile\profile.tpl.php on line 42
[04-Mar-2023 14:57:29 Asia/Kuwait] PHP Notice:  Uninitialized string offset: 0 in C:\www\RNGportal\clients\app\views\profile\profile.tpl.php on line 42
[04-Mar-2023 14:57:29 Asia/Kuwait] PHP Warning:  Illegal string offset 'email' in C:\www\RNGportal\clients\app\views\profile\profile.tpl.php on line 43
[04-Mar-2023 14:57:29 Asia/Kuwait] PHP Notice:  Uninitialized string offset: 0 in C:\www\RNGportal\clients\app\views\profile\profile.tpl.php on line 43
[04-Mar-2023 14:57:29 Asia/Kuwait] PHP Notice:  Trying to get property 'num_rows' of non-object in C:\www\RNGportal\clients\app\http\models\Commons.php on line 11
[04-Mar-2023 14:57:29 Asia/Kuwait] PHP Warning:  Illegal string offset 'name' in C:\www\RNGportal\clients\app\views\common\header.tpl.php on line 57
[04-Mar-2023 14:57:29 Asia/Kuwait] PHP Notice:  Uninitialized string offset: 0 in C:\www\RNGportal\clients\app\views\common\header.tpl.php on line 57
[04-Mar-2023 14:57:29 Asia/Kuwait] PHP Warning:  Illegal string offset 'name' in C:\www\RNGportal\clients\app\views\profile\profile.tpl.php on line 21
[04-Mar-2023 14:57:29 Asia/Kuwait] PHP Notice:  Uninitialized string offset: 0 in C:\www\RNGportal\clients\app\views\profile\profile.tpl.php on line 21
[04-Mar-2023 14:57:29 Asia/Kuwait] PHP Warning:  Illegal string offset 'email' in C:\www\RNGportal\clients\app\views\profile\profile.tpl.php on line 30
[04-Mar-2023 14:57:29 Asia/Kuwait] PHP Notice:  Uninitialized string offset: 0 in C:\www\RNGportal\clients\app\views\profile\profile.tpl.php on line 30
[04-Mar-2023 14:57:29 Asia/Kuwait] PHP Warning:  Illegal string offset 'mobile' in C:\www\RNGportal\clients\app\views\profile\profile.tpl.php on line 39
[04-Mar-2023 14:57:29 Asia/Kuwait] PHP Notice:  Uninitialized string offset: 0 in C:\www\RNGportal\clients\app\views\profile\profile.tpl.php on line 39
[04-Mar-2023 14:57:29 Asia/Kuwait] PHP Warning:  Illegal string offset 'id' in C:\www\RNGportal\clients\app\views\profile\profile.tpl.php on line 42
[04-Mar-2023 14:57:29 Asia/Kuwait] PHP Notice:  Uninitialized string offset: 0 in C:\www\RNGportal\clients\app\views\profile\profile.tpl.php on line 42
[04-Mar-2023 14:57:29 Asia/Kuwait] PHP Warning:  Illegal string offset 'email' in C:\www\RNGportal\clients\app\views\profile\profile.tpl.php on line 43
[04-Mar-2023 14:57:29 Asia/Kuwait] PHP Notice:  Uninitialized string offset: 0 in C:\www\RNGportal\clients\app\views\profile\profile.tpl.php on line 43
[04-Mar-2023 14:57:33 Asia/Kuwait] PHP Notice:  Trying to get property 'num_rows' of non-object in C:\www\RNGportal\clients\app\http\models\Commons.php on line 11
[04-Mar-2023 14:57:33 Asia/Kuwait] PHP Warning:  Illegal string offset 'email' in C:\www\RNGportal\clients\app\http\controllers\DashboardController.php on line 67
[04-Mar-2023 14:57:33 Asia/Kuwait] PHP Notice:  Uninitialized string offset: 0 in C:\www\RNGportal\clients\app\http\controllers\DashboardController.php on line 67
[04-Mar-2023 14:57:33 Asia/Kuwait] PHP Warning:  Illegal string offset 'email' in C:\www\RNGportal\clients\app\http\controllers\DashboardController.php on line 84
[04-Mar-2023 14:57:33 Asia/Kuwait] PHP Notice:  Uninitialized string offset: 0 in C:\www\RNGportal\clients\app\http\controllers\DashboardController.php on line 84
[04-Mar-2023 14:57:33 Asia/Kuwait] PHP Warning:  Illegal string offset 'email' in C:\www\RNGportal\clients\app\http\controllers\DashboardController.php on line 88
[04-Mar-2023 14:57:33 Asia/Kuwait] PHP Notice:  Uninitialized string offset: 0 in C:\www\RNGportal\clients\app\http\controllers\DashboardController.php on line 88
[04-Mar-2023 14:57:33 Asia/Kuwait] PHP Warning:  Illegal string offset 'name' in C:\www\RNGportal\clients\app\views\common\header.tpl.php on line 57
[04-Mar-2023 14:57:33 Asia/Kuwait] PHP Notice:  Uninitialized string offset: 0 in C:\www\RNGportal\clients\app\views\common\header.tpl.php on line 57
[04-Mar-2023 14:57:33 Asia/Kuwait] PHP Notice:  Array to string conversion in C:\www\RNGportal\clients\app\views\dashboard\dashboard.tpl.php on line 259
[04-Mar-2023 14:57:33 Asia/Kuwait] PHP Notice:  Trying to get property 'num_rows' of non-object in C:\www\RNGportal\clients\app\http\models\Commons.php on line 11
[04-Mar-2023 14:57:33 Asia/Kuwait] PHP Warning:  Illegal string offset 'email' in C:\www\RNGportal\clients\app\http\controllers\DashboardController.php on line 67
[04-Mar-2023 14:57:33 Asia/Kuwait] PHP Notice:  Uninitialized string offset: 0 in C:\www\RNGportal\clients\app\http\controllers\DashboardController.php on line 67
[04-Mar-2023 14:57:33 Asia/Kuwait] PHP Warning:  Illegal string offset 'email' in C:\www\RNGportal\clients\app\http\controllers\DashboardController.php on line 84
[04-Mar-2023 14:57:33 Asia/Kuwait] PHP Notice:  Uninitialized string offset: 0 in C:\www\RNGportal\clients\app\http\controllers\DashboardController.php on line 84
[04-Mar-2023 14:57:33 Asia/Kuwait] PHP Warning:  Illegal string offset 'email' in C:\www\RNGportal\clients\app\http\controllers\DashboardController.php on line 88
[04-Mar-2023 14:57:33 Asia/Kuwait] PHP Notice:  Uninitialized string offset: 0 in C:\www\RNGportal\clients\app\http\controllers\DashboardController.php on line 88
[04-Mar-2023 14:57:33 Asia/Kuwait] PHP Warning:  Illegal string offset 'name' in C:\www\RNGportal\clients\app\views\common\header.tpl.php on line 57
[04-Mar-2023 14:57:33 Asia/Kuwait] PHP Notice:  Uninitialized string offset: 0 in C:\www\RNGportal\clients\app\views\common\header.tpl.php on line 57
[04-Mar-2023 14:57:33 Asia/Kuwait] PHP Notice:  Array to string conversion in C:\www\RNGportal\clients\app\views\dashboard\dashboard.tpl.php on line 259
[04-Mar-2023 14:57:35 Asia/Kuwait] PHP Notice:  Trying to get property 'num_rows' of non-object in C:\www\RNGportal\clients\app\http\models\Commons.php on line 11
[04-Mar-2023 14:57:35 Asia/Kuwait] PHP Warning:  Illegal string offset 'email' in C:\www\RNGportal\clients\app\http\controllers\TicketController.php on line 32
[04-Mar-2023 14:57:35 Asia/Kuwait] PHP Notice:  Uninitialized string offset: 0 in C:\www\RNGportal\clients\app\http\controllers\TicketController.php on line 32
[04-Mar-2023 14:57:35 Asia/Kuwait] PHP Warning:  Illegal string offset 'name' in C:\www\RNGportal\clients\app\views\common\header.tpl.php on line 57
[04-Mar-2023 14:57:35 Asia/Kuwait] PHP Notice:  Uninitialized string offset: 0 in C:\www\RNGportal\clients\app\views\common\header.tpl.php on line 57
[04-Mar-2023 14:57:35 Asia/Kuwait] PHP Notice:  Trying to get property 'num_rows' of non-object in C:\www\RNGportal\clients\app\http\models\Commons.php on line 11
[04-Mar-2023 14:57:35 Asia/Kuwait] PHP Warning:  Illegal string offset 'email' in C:\www\RNGportal\clients\app\http\controllers\TicketController.php on line 32
[04-Mar-2023 14:57:35 Asia/Kuwait] PHP Notice:  Uninitialized string offset: 0 in C:\www\RNGportal\clients\app\http\controllers\TicketController.php on line 32
[04-Mar-2023 14:57:35 Asia/Kuwait] PHP Warning:  Illegal string offset 'name' in C:\www\RNGportal\clients\app\views\common\header.tpl.php on line 57
[04-Mar-2023 14:57:35 Asia/Kuwait] PHP Notice:  Uninitialized string offset: 0 in C:\www\RNGportal\clients\app\views\common\header.tpl.php on line 57
